<?xml version="1.0" encoding="UTF-8"?>
<testng-results ignored="0" total="1" passed="1" failed="0" skipped="0">
  <reporter-output>
  </reporter-output>
  <suite started-at="2026-02-16T20:32:58 IST" name="Default suite" finished-at="2026-02-16T20:33:34 IST" duration-ms="35829">
    <groups>
    </groups>
    <test started-at="2026-02-16T20:32:58 IST" name="Default test" finished-at="2026-02-16T20:33:34 IST" duration-ms="35829">
      <class name="CheckboxTest">
        <test-method is-config="true" signature="setup()[pri:0, instance:CheckboxTest@1573f9fc]" started-at="2026-02-16T20:32:58 IST" name="setup" finished-at="2026-02-16T20:33:33 IST" duration-ms="34812" status="PASS">
          <reporter-output>
          </reporter-output>
        </test-method> <!-- setup -->
        <test-method signature="verifyCheckboxSelection()[pri:0, instance:CheckboxTest@1573f9fc]" started-at="2026-02-16T20:33:33 IST" name="verifyCheckboxSelection" finished-at="2026-02-16T20:33:34 IST" duration-ms="612" status="PASS">
          <reporter-output>
          </reporter-output>
        </test-method> <!-- verifyCheckboxSelection -->
        <test-method is-config="true" signature="tearDown()[pri:0, instance:CheckboxTest@1573f9fc]" started-at="2026-02-16T20:33:34 IST" name="tearDown" finished-at="2026-02-16T20:33:34 IST" duration-ms="315" status="PASS">
          <reporter-output>
          </reporter-output>
        </test-method> <!-- tearDown -->
      </class> <!-- CheckboxTest -->
    </test> <!-- Default test -->
  </suite> <!-- Default suite -->
</testng-results>
